<?xml version="1.0" encoding="UTF-8"?>
<!-- Generated by org.testng.reporters.JUnitReportReporter -->
<testsuite hostname="DESKTOP-L558MLK" failures="0" tests="1" name="runners.MainRunner" time="32.529" errors="0" timestamp="5 Jun 2021 17:06:20 GMT">
  <testcase classname="runners.MainRunner" name="feature" time="32.529"/>
</testsuite> <!-- runners.MainRunner -->
